# JRE version: Java(TM) SE Runtime Environment (8.0_102-b14) (build 1.8.0_102-b14)
# Java VM: Java HotSpot(TM) 64-Bit Server VM (25.102-b14 mixed mode windows-amd64 compressed oops)
Heap:
 PSYoungGen      total 117760K, used 34427K [0x000000076ab00000, 0x0000000777700000, 0x00000007c0000000)
  eden space 107008K, 22% used [0x000000076ab00000,0x000000076c226790,0x0000000771380000)
  from space 10752K, 99% used [0x0000000771380000,0x0000000771df8518,0x0000000771e00000)
  to   space 11264K, 0% used [0x0000000776c00000,0x0000000776c00000,0x0000000777700000)
 ParOldGen       total 124928K, used 7689K [0x00000006c0000000, 0x00000006c7a00000, 0x000000076ab00000)
  object space 124928K, 6% used [0x00000006c0000000,0x00000006c0782508,0x00000006c7a00000)
 Metaspace       used 27240K, capacity 28782K, committed 28928K, reserved 1075200K
  class space    used 3746K, capacity 4028K, committed 4096K, reserved 1048576K
GC Heap History (10 events):
Event: 2.195 GC heap before
{Heap before GC invocations=2 (full 1):
 PSYoungGen      total 76288K, used 7426K [0x000000076ab00000, 0x0000000770000000, 0x00000007c0000000)
  eden space 65536K, 0% used [0x000000076ab00000,0x000000076ab00000,0x000000076eb00000)
  from space 10752K, 69% used [0x000000076eb00000,0x000000076f240ad0,0x000000076f580000)
  to   space 10752K, 0% used [0x000000076f580000,0x000000076f580000,0x0000000770000000)
 ParOldGen       total 175104K, used 80K [0x00000006c0000000, 0x00000006cab00000, 0x000000076ab00000)
  object space 175104K, 0% used [0x00000006c0000000,0x00000006c0014010,0x00000006cab00000)
 Metaspace       used 20010K, capacity 21230K, committed 21296K, reserved 1067008K
  class space    used 2951K, capacity 3190K, committed 3200K, reserved 1048576K
Event: 2.243 GC heap after
Heap after GC invocations=2 (full 1):
 PSYoungGen      total 76288K, used 0K [0x000000076ab00000, 0x0000000770000000, 0x00000007c0000000)
  eden space 65536K, 0% used [0x000000076ab00000,0x000000076ab00000,0x000000076eb00000)
  from space 10752K, 0% used [0x000000076eb00000,0x000000076eb00000,0x000000076f580000)
  to   space 10752K, 0% used [0x000000076f580000,0x000000076f580000,0x0000000770000000)
 ParOldGen       total 124928K, used 7361K [0x00000006c0000000, 0x00000006c7a00000, 0x000000076ab00000)
  object space 124928K, 5% used [0x00000006c0000000,0x00000006c0730488,0x00000006c7a00000)
 Metaspace       used 20010K, capacity 21230K, committed 21296K, reserved 1067008K
  class space    used 2951K, capacity 3190K, committed 3200K, reserved 1048576K
}
Event: 72.813 GC heap before
{Heap before GC invocations=3 (full 1):
 PSYoungGen      total 76288K, used 65502K [0x000000076ab00000, 0x0000000770000000, 0x00000007c0000000)
  eden space 65536K, 99% used [0x000000076ab00000,0x000000076eaf7ac0,0x000000076eb00000)
  from space 10752K, 0% used [0x000000076eb00000,0x000000076eb00000,0x000000076f580000)
  to   space 10752K, 0% used [0x000000076f580000,0x000000076f580000,0x0000000770000000)
 ParOldGen       total 124928K, used 7361K [0x00000006c0000000, 0x00000006c7a00000, 0x000000076ab00000)
  object space 124928K, 5% used [0x00000006c0000000,0x00000006c0730488,0x00000006c7a00000)
 Metaspace       used 22976K, capacity 24368K, committed 24576K, reserved 1071104K
  class space    used 3291K, capacity 3565K, committed 3584K, reserved 1048576K
Event: 72.819 GC heap after
Heap after GC invocations=3 (full 1):
 PSYoungGen      total 76288K, used 6857K [0x000000076ab00000, 0x0000000770000000, 0x00000007c0000000)
  eden space 65536K, 0% used [0x000000076ab00000,0x000000076ab00000,0x000000076eb00000)
  from space 10752K, 63% used [0x000000076f580000,0x000000076fc32670,0x0000000770000000)
  to   space 10752K, 0% used [0x000000076eb00000,0x000000076eb00000,0x000000076f580000)
 ParOldGen       total 124928K, used 7369K [0x00000006c0000000, 0x00000006c7a00000, 0x000000076ab00000)
  object space 124928K, 5% used [0x00000006c0000000,0x00000006c0732488,0x00000006c7a00000)
 Metaspace       used 22976K, capacity 24368K, committed 24576K, reserved 1071104K
  class space    used 3291K, capacity 3565K, committed 3584K, reserved 1048576K
}
Event: 72.841 GC heap before
{Heap before GC invocations=4 (full 1):
 PSYoungGen      total 76288K, used 72301K [0x000000076ab00000, 0x0000000770000000, 0x00000007c0000000)
  eden space 65536K, 99% used [0x000000076ab00000,0x000000076eae8fd8,0x000000076eb00000)
  from space 10752K, 63% used [0x000000076f580000,0x000000076fc32670,0x0000000770000000)
  to   space 10752K, 0% used [0x000000076eb00000,0x000000076eb00000,0x000000076f580000)
 ParOldGen       total 124928K, used 7369K [0x00000006c0000000, 0x00000006c7a00000, 0x000000076ab00000)
  object space 124928K, 5% used [0x00000006c0000000,0x00000006c0732488,0x00000006c7a00000)
 Metaspace       used 22978K, capacity 24368K, committed 24576K, reserved 1071104K
  class space    used 3291K, capacity 3565K, committed 3584K, reserved 1048576K
Event: 72.843 GC heap after
Heap after GC invocations=4 (full 1):
 PSYoungGen      total 76288K, used 4853K [0x000000076ab00000, 0x0000000772880000, 0x00000007c0000000)
  eden space 65536K, 0% used [0x000000076ab00000,0x000000076ab00000,0x000000076eb00000)
  from space 10752K, 45% used [0x000000076eb00000,0x000000076efbd750,0x000000076f580000)
  to   space 10752K, 0% used [0x0000000771e00000,0x0000000771e00000,0x0000000772880000)
 ParOldGen       total 124928K, used 7369K [0x00000006c0000000, 0x00000006c7a00000, 0x000000076ab00000)
  object space 124928K, 5% used [0x00000006c0000000,0x00000006c0732488,0x00000006c7a00000)
 Metaspace       used 22978K, capacity 24368K, committed 24576K, reserved 1071104K
  class space    used 3291K, capacity 3565K, committed 3584K, reserved 1048576K
}
Event: 72.864 GC heap before
{Heap before GC invocations=5 (full 1):
 PSYoungGen      total 76288K, used 70274K [0x000000076ab00000, 0x0000000772880000, 0x00000007c0000000)
  eden space 65536K, 99% used [0x000000076ab00000,0x000000076eae32f0,0x000000076eb00000)
  from space 10752K, 45% used [0x000000076eb00000,0x000000076efbd750,0x000000076f580000)
  to   space 10752K, 0% used [0x0000000771e00000,0x0000000771e00000,0x0000000772880000)
 ParOldGen       total 124928K, used 7369K [0x00000006c0000000, 0x00000006c7a00000, 0x000000076ab00000)
  object space 124928K, 5% used [0x00000006c0000000,0x00000006c0732488,0x00000006c7a00000)
 Metaspace       used 22982K, capacity 24368K, committed 24576K, reserved 1071104K
  class space    used 3291K, capacity 3565K, committed 3584K, reserved 1048576K
Event: 72.869 GC heap after
Heap after GC invocations=5 (full 1):
 PSYoungGen      total 117760K, used 7025K [0x000000076ab00000, 0x0000000773200000, 0x00000007c0000000)
  eden space 107008K, 0% used [0x000000076ab00000,0x000000076ab00000,0x0000000771380000)
  from space 10752K, 65% used [0x0000000771e00000,0x00000007724dc400,0x0000000772880000)
  to   space 10752K, 0% used [0x0000000771380000,0x0000000771380000,0x0000000771e00000)
 ParOldGen       total 124928K, used 7369K [0x00000006c0000000, 0x00000006c7a00000, 0x000000076ab00000)
  object space 124928K, 5% used [0x00000006c0000000,0x00000006c0732488,0x00000006c7a00000)
 Metaspace       used 22982K, capacity 24368K, committed 24576K, reserved 1071104K
  class space    used 3291K, capacity 3565K, committed 3584K, reserved 1048576K
}
Event: 73.499 GC heap before
{Heap before GC invocations=6 (full 1):
 PSYoungGen      total 117760K, used 114033K [0x000000076ab00000, 0x0000000773200000, 0x00000007c0000000)
  eden space 107008K, 100% used [0x000000076ab00000,0x0000000771380000,0x0000000771380000)
  from space 10752K, 65% used [0x0000000771e00000,0x00000007724dc400,0x0000000772880000)
  to   space 10752K, 0% used [0x0000000771380000,0x0000000771380000,0x0000000771e00000)
 ParOldGen       total 124928K, used 7369K [0x00000006c0000000, 0x00000006c7a00000, 0x000000076ab00000)
  object space 124928K, 5% used [0x00000006c0000000,0x00000006c0732488,0x00000006c7a00000)
 Metaspace       used 26417K, capacity 27838K, committed 28032K, reserved 1073152K
  class space    used 3658K, capacity 3938K, committed 3968K, reserved 1048576K
Event: 73.509 GC heap after
Heap after GC invocations=6 (full 1):
 PSYoungGen      total 117760K, used 10721K [0x000000076ab00000, 0x0000000777700000, 0x00000007c0000000)
  eden space 107008K, 0% used [0x000000076ab00000,0x000000076ab00000,0x0000000771380000)
  from space 10752K, 99% used [0x0000000771380000,0x0000000771df8518,0x0000000771e00000)
  to   space 11264K, 0% used [0x0000000776c00000,0x0000000776c00000,0x0000000777700000)
 ParOldGen       total 124928K, used 7689K [0x00000006c0000000, 0x00000006c7a00000, 0x000000076ab00000)
  object space 124928K, 6% used [0x00000006c0000000,0x00000006c0782508,0x00000006c7a00000)
 Metaspace       used 26417K, capacity 27838K, committed 28032K, reserved 1073152K
  class space    used 3658K, capacity 3938K, committed 3968K, reserved 1048576K
}

