# JRE version: Java(TM) SE Runtime Environment (8.0_102-b14) (build 1.8.0_102-b14)
# Java VM: Java HotSpot(TM) 64-Bit Server VM (25.102-b14 mixed mode windows-amd64 compressed oops)
Heap:
 PSYoungGen      total 112128K, used 45655K [0x000000076ab00000, 0x0000000776600000, 0x00000007c0000000)
  eden space 101376K, 35% used [0x000000076ab00000,0x000000076ce326d0,0x0000000770e00000)
  from space 10752K, 89% used [0x0000000770e00000,0x0000000771763690,0x0000000771880000)
  to   space 10240K, 0% used [0x0000000775c00000,0x0000000775c00000,0x0000000776600000)
 ParOldGen       total 125440K, used 6540K [0x00000006c0000000, 0x00000006c7a80000, 0x000000076ab00000)
  object space 125440K, 5% used [0x00000006c0000000,0x00000006c0663068,0x00000006c7a80000)
 Metaspace       used 26971K, capacity 28420K, committed 28672K, reserved 1073152K
  class space    used 3758K, capacity 4039K, committed 4096K, reserved 1048576K
GC Heap History (10 events):
Event: 1.473 GC heap before
{Heap before GC invocations=2 (full 1):
 PSYoungGen      total 76288K, used 6576K [0x000000076ab00000, 0x0000000770000000, 0x00000007c0000000)
  eden space 65536K, 0% used [0x000000076ab00000,0x000000076ab00000,0x000000076eb00000)
  from space 10752K, 61% used [0x000000076eb00000,0x000000076f16c030,0x000000076f580000)
  to   space 10752K, 0% used [0x000000076f580000,0x000000076f580000,0x0000000770000000)
 ParOldGen       total 175104K, used 88K [0x00000006c0000000, 0x00000006cab00000, 0x000000076ab00000)
  object space 175104K, 0% used [0x00000006c0000000,0x00000006c0016010,0x00000006cab00000)
 Metaspace       used 19909K, capacity 21108K, committed 21248K, reserved 1067008K
  class space    used 2964K, capacity 3207K, committed 3328K, reserved 1048576K
Event: 1.519 GC heap after
Heap after GC invocations=2 (full 1):
 PSYoungGen      total 76288K, used 0K [0x000000076ab00000, 0x0000000770000000, 0x00000007c0000000)
  eden space 65536K, 0% used [0x000000076ab00000,0x000000076ab00000,0x000000076eb00000)
  from space 10752K, 0% used [0x000000076eb00000,0x000000076eb00000,0x000000076f580000)
  to   space 10752K, 0% used [0x000000076f580000,0x000000076f580000,0x0000000770000000)
 ParOldGen       total 125440K, used 6524K [0x00000006c0000000, 0x00000006c7a80000, 0x000000076ab00000)
  object space 125440K, 5% used [0x00000006c0000000,0x00000006c065f068,0x00000006c7a80000)
 Metaspace       used 19909K, capacity 21108K, committed 21248K, reserved 1067008K
  class space    used 2964K, capacity 3207K, committed 3328K, reserved 1048576K
}
Event: 4.365 GC heap before
{Heap before GC invocations=3 (full 1):
 PSYoungGen      total 76288K, used 65469K [0x000000076ab00000, 0x0000000770000000, 0x00000007c0000000)
  eden space 65536K, 99% used [0x000000076ab00000,0x000000076eaef590,0x000000076eb00000)
  from space 10752K, 0% used [0x000000076eb00000,0x000000076eb00000,0x000000076f580000)
  to   space 10752K, 0% used [0x000000076f580000,0x000000076f580000,0x0000000770000000)
 ParOldGen       total 125440K, used 6524K [0x00000006c0000000, 0x00000006c7a80000, 0x000000076ab00000)
  object space 125440K, 5% used [0x00000006c0000000,0x00000006c065f068,0x00000006c7a80000)
 Metaspace       used 22734K, capacity 24128K, committed 24320K, reserved 1071104K
  class space    used 3304K, capacity 3575K, committed 3584K, reserved 1048576K
Event: 4.371 GC heap after
Heap after GC invocations=3 (full 1):
 PSYoungGen      total 76288K, used 5641K [0x000000076ab00000, 0x0000000770900000, 0x00000007c0000000)
  eden space 65536K, 0% used [0x000000076ab00000,0x000000076ab00000,0x000000076eb00000)
  from space 10752K, 52% used [0x000000076f580000,0x000000076fb026f8,0x0000000770000000)
  to   space 10752K, 0% used [0x000000076eb00000,0x000000076eb00000,0x000000076f580000)
 ParOldGen       total 125440K, used 6532K [0x00000006c0000000, 0x00000006c7a80000, 0x000000076ab00000)
  object space 125440K, 5% used [0x00000006c0000000,0x00000006c0661068,0x00000006c7a80000)
 Metaspace       used 22734K, capacity 24128K, committed 24320K, reserved 1071104K
  class space    used 3304K, capacity 3575K, committed 3584K, reserved 1048576K
}
Event: 4.396 GC heap before
{Heap before GC invocations=4 (full 1):
 PSYoungGen      total 76288K, used 71112K [0x000000076ab00000, 0x0000000770900000, 0x00000007c0000000)
  eden space 65536K, 99% used [0x000000076ab00000,0x000000076eaefc38,0x000000076eb00000)
  from space 10752K, 52% used [0x000000076f580000,0x000000076fb026f8,0x0000000770000000)
  to   space 10752K, 0% used [0x000000076eb00000,0x000000076eb00000,0x000000076f580000)
 ParOldGen       total 125440K, used 6532K [0x00000006c0000000, 0x00000006c7a80000, 0x000000076ab00000)
  object space 125440K, 5% used [0x00000006c0000000,0x00000006c0661068,0x00000006c7a80000)
 Metaspace       used 22735K, capacity 24128K, committed 24320K, reserved 1071104K
  class space    used 3304K, capacity 3575K, committed 3584K, reserved 1048576K
Event: 4.399 GC heap after
Heap after GC invocations=4 (full 1):
 PSYoungGen      total 76288K, used 5621K [0x000000076ab00000, 0x0000000772300000, 0x00000007c0000000)
  eden space 65536K, 0% used [0x000000076ab00000,0x000000076ab00000,0x000000076eb00000)
  from space 10752K, 52% used [0x000000076eb00000,0x000000076f07d438,0x000000076f580000)
  to   space 10752K, 0% used [0x0000000771880000,0x0000000771880000,0x0000000772300000)
 ParOldGen       total 125440K, used 6532K [0x00000006c0000000, 0x00000006c7a80000, 0x000000076ab00000)
  object space 125440K, 5% used [0x00000006c0000000,0x00000006c0661068,0x00000006c7a80000)
 Metaspace       used 22735K, capacity 24128K, committed 24320K, reserved 1071104K
  class space    used 3304K, capacity 3575K, committed 3584K, reserved 1048576K
}
Event: 4.419 GC heap before
{Heap before GC invocations=5 (full 1):
 PSYoungGen      total 76288K, used 71055K [0x000000076ab00000, 0x0000000772300000, 0x00000007c0000000)
  eden space 65536K, 99% used [0x000000076ab00000,0x000000076eae6ab8,0x000000076eb00000)
  from space 10752K, 52% used [0x000000076eb00000,0x000000076f07d438,0x000000076f580000)
  to   space 10752K, 0% used [0x0000000771880000,0x0000000771880000,0x0000000772300000)
 ParOldGen       total 125440K, used 6532K [0x00000006c0000000, 0x00000006c7a80000, 0x000000076ab00000)
  object space 125440K, 5% used [0x00000006c0000000,0x00000006c0661068,0x00000006c7a80000)
 Metaspace       used 22735K, capacity 24128K, committed 24320K, reserved 1071104K
  class space    used 3304K, capacity 3575K, committed 3584K, reserved 1048576K
Event: 4.425 GC heap after
Heap after GC invocations=5 (full 1):
 PSYoungGen      total 112128K, used 7669K [0x000000076ab00000, 0x0000000772f00000, 0x00000007c0000000)
  eden space 101376K, 0% used [0x000000076ab00000,0x000000076ab00000,0x0000000770e00000)
  from space 10752K, 71% used [0x0000000771880000,0x0000000771ffd440,0x0000000772300000)
  to   space 10752K, 0% used [0x0000000770e00000,0x0000000770e00000,0x0000000771880000)
 ParOldGen       total 125440K, used 6532K [0x00000006c0000000, 0x00000006c7a80000, 0x000000076ab00000)
  object space 125440K, 5% used [0x00000006c0000000,0x00000006c0661068,0x00000006c7a80000)
 Metaspace       used 22735K, capacity 24128K, committed 24320K, reserved 1071104K
  class space    used 3304K, capacity 3575K, committed 3584K, reserved 1048576K
}
Event: 4.834 GC heap before
{Heap before GC invocations=6 (full 1):
 PSYoungGen      total 112128K, used 109045K [0x000000076ab00000, 0x0000000772f00000, 0x00000007c0000000)
  eden space 101376K, 100% used [0x000000076ab00000,0x0000000770e00000,0x0000000770e00000)
  from space 10752K, 71% used [0x0000000771880000,0x0000000771ffd440,0x0000000772300000)
  to   space 10752K, 0% used [0x0000000770e00000,0x0000000770e00000,0x0000000771880000)
 ParOldGen       total 125440K, used 6532K [0x00000006c0000000, 0x00000006c7a80000, 0x000000076ab00000)
  object space 125440K, 5% used [0x00000006c0000000,0x00000006c0661068,0x00000006c7a80000)
 Metaspace       used 24821K, capacity 26218K, committed 26368K, reserved 1071104K
  class space    used 3535K, capacity 3814K, committed 3840K, reserved 1048576K
Event: 4.842 GC heap after
Heap after GC invocations=6 (full 1):
 PSYoungGen      total 112128K, used 9613K [0x000000076ab00000, 0x0000000776600000, 0x00000007c0000000)
  eden space 101376K, 0% used [0x000000076ab00000,0x000000076ab00000,0x0000000770e00000)
  from space 10752K, 89% used [0x0000000770e00000,0x0000000771763690,0x0000000771880000)
  to   space 10240K, 0% used [0x0000000775c00000,0x0000000775c00000,0x0000000776600000)
 ParOldGen       total 125440K, used 6540K [0x00000006c0000000, 0x00000006c7a80000, 0x000000076ab00000)
  object space 125440K, 5% used [0x00000006c0000000,0x00000006c0663068,0x00000006c7a80000)
 Metaspace       used 24821K, capacity 26218K, committed 26368K, reserved 1071104K
  class space    used 3535K, capacity 3814K, committed 3840K, reserved 1048576K
}

